

Microchip Technology PIC18 LITE Macro Assembler V1.21 build 54009 
                                                                                               Mon Jul 14 23:34:28 2014

Microchip Technology Omniscient Code Generator (Lite mode) build 54009
     1                           	processor	18F4550
     2                           	fnconf	rparam,??,?,0
     3                           	opt	pw 120
     4                           	opt	lm
     5                           	psect	text0,global,reloc=2,class=CODE,delta=1
     6                           	psect	cinit,global,reloc=2,class=CODE,delta=1
     7                           	psect	bssCOMRAM,global,class=COMRAM,space=1,delta=1
     8                           	psect	bssBANK0,global,class=BANK0,space=1,delta=1
     9                           	psect	cstackCOMRAM,global,class=COMRAM,space=1,delta=1
    10                           	psect	text1,global,reloc=2,class=CODE,delta=1
    11                           	psect	text2,global,reloc=2,class=CODE,delta=1
    12                           	psect	text3,global,reloc=2,class=CODE,delta=1
    13                           	psect	text4,global,reloc=2,class=CODE,delta=1
    14                           	psect	intcodelo,global,reloc=2,class=CODE,delta=1
    15                           	psect	text6,global,reloc=2,class=CODE,delta=1
    16                           	psect	intcode,global,reloc=2,class=CODE,delta=1
    17                           	psect	intcode_body,global,reloc=2,class=CODE,delta=1
    18                           	psect	intsave_regs,global,class=BIGRAM,space=1,delta=1
    19                           	psect	rparam,global,class=COMRAM,space=1,delta=1
    20  0000                     _INTCON2bits	set	4081
    21  0000                     _INTCONbits	set	4082
    22  0000                     _IPR1bits	set	3999
    23  0000                     _OSCCON	set	4051
    24  0000                     _OSCTUNE	set	3995
    25  0000                     _PIE1bits	set	3997
    26  0000                     _PIR1bits	set	3998
    27  0000                     _PORTB	set	3969
    28  0000                     _PORTD	set	3971
    29  0000                     _RCONbits	set	4048
    30  0000                     _T1CON	set	4045
    31  0000                     _T1CONbits	set	4045
    32  0000                     _T2CON	set	4042
    33  0000                     _T2CONbits	set	4042
    34  0000                     _TMR1H	set	4047
    35  0000                     _TMR1L	set	4046
    36  0000                     _TMR2	set	4044
    37  0000                     _TRISB	set	3987
    38  0000                     _TRISD	set	3989
    39                           
    40                           ; 0 bytes @ 0x2C
    41 ;;
    42 ;;Main: autosize = 0, tempsize = 0, incstack = 0, save=0
    43 ;;
    44 ;; *************** function _main *****************
    45 ;; Defined at:
    46 ;;		line 72 in file "main.c"
    47 ;; Parameters:    Size  Location     Type
    48 ;;		None
    49 ;; Auto vars:     Size  Location     Type
    50 ;;		None
    51 ;; Return value:  Size  Location     Type
    52 ;;		None               void
    53 ;; Registers used:
    54 ;;		wreg, fsr0l, fsr0h, fsr1l, fsr1h, fsr1l, fsr1h, fsr2l, fsr2h, status,2, status,0, pclat, btemp, btemp+1, btemp+2, bt
      +emp+3, btemp+4, btemp+5, btemp+6, btemp+7, tosl, structret, tblptrl, tblptrh, tblptru, prodl, prodh, bsr, cstack
    55 ;; Tracked objects:
    56 ;;		On entry : 0/0
    57 ;;		On exit  : 0/0
    58 ;;		Unchanged: 0/0
    59 ;; Data sizes:     COMRAM   BANK0   BANK1   BANK2   BANK3   BANK4   BANK5   BANK6   BANK7
    60 ;;      Params:         0       0       0       0       0       0       0       0       0
    61 ;;      Locals:         0       0       0       0       0       0       0       0       0
    62 ;;      Temps:          0       0       0       0       0       0       0       0       0
    63 ;;      Totals:         0       0       0       0       0       0       0       0       0
    64 ;;Total ram usage:        0 bytes
    65 ;; Hardware stack levels required when called:    5
    66 ;; This function calls:
    67 ;;		_setup
    68 ;;		_send_board
    69 ;; This function is called by:
    70 ;;		Startup code after reset
    71 ;; This function uses a non-reentrant model
    72 ;;
    73                           
    74                           	psect	text0
    75  0002F8                     __ptext0:
    76                           	opt stack 0
    77                           
    78                           ; #config settings
    79  0002F8                     _main:
    80                           	opt stack 26
    81                           
    82                           ;main.c: 73: setup();
    83                           
    84                           ;incstack = 0
    85                           ;incstack = 0
    86  0002F8  ECB6  F000         	call	_setup	;wreg free
    87  0002FC                     l765:
    88                           
    89                           ;main.c: 75: {
    90                           ;main.c: 76: send_board();
    91  0002FC  EC32  F001         	call	_send_board	;wreg free
    92  000300  D7FD               	goto	l765
    93  000302                     __end_of_main:
    94                           	opt stack 0
    95                           
    96                           	psect	cinit
    97  0002DA                     __pcinit:
    98                           	opt stack 0
    99  0002DA                     start_initialization:
   100                           	opt stack 0
   101  0002DA                     __initialization:
   102                           	opt stack 0
   103                           
   104                           ; Clear objects allocated to BANK0 (120 bytes)
   105  0002DA  EE00  F060         	lfsr	0,__pbssBANK0
   106  0002DE  0E78               	movlw	120
   107  0002E0                     clear_0:
   108  0002E0  6AEE               	clrf	postinc0,c
   109  0002E2  06E8               	decf	wreg,f,c
   110  0002E4  E1FD               	bnz	clear_0
   111                           
   112                           ; Clear objects allocated to COMRAM (51 bytes)
   113  0002E6  EE00  F001         	lfsr	0,__pbssCOMRAM
   114  0002EA  0E33               	movlw	51
   115  0002EC                     clear_1:
   116  0002EC  6AEE               	clrf	postinc0,c
   117  0002EE  06E8               	decf	wreg,f,c
   118  0002F0  E1FD               	bnz	clear_1
   119  0002F2                     end_of_initialization:
   120                           	opt stack 0
   121  0002F2                     __end_of__initialization:
   122                           	opt stack 0
   123  0002F2  0100               	movlb	0
   124  0002F4  EF7C  F001         	goto	_main	;jump to C main() function
   125                           postinc0	equ	0xFEE
   126                           wreg	equ	0xFE8
   127                           
   128                           	psect	bssCOMRAM
   129  000001                     __pbssCOMRAM:
   130                           	opt stack 0
   131  000001                     _current_height:
   132                           	opt stack 0
   133  000001                     	ds	40
   134  000029                     _b_value:
   135                           	opt stack 0
   136  000029                     	ds	10
   137  000033                     _b_buf_ptr:
   138                           	opt stack 0
   139  000033                     	ds	1
   140                           postinc0	equ	0xFEE
   141                           wreg	equ	0xFE8
   142                           
   143                           	psect	bssBANK0
   144  000060                     __pbssBANK0:
   145                           	opt stack 0
   146  000060                     _block_coding:
   147                           	opt stack 0
   148  000060                     	ds	120
   149                           postinc0	equ	0xFEE
   150                           wreg	equ	0xFE8
   151                           
   152                           	psect	cstackCOMRAM
   153  000034                     __pcstackCOMRAM:
   154                           	opt stack 0
   155  000034                     ?___awmod:
   156                           	opt stack 0
   157  000034                     ___awmod@dividend:
   158                           	opt stack 0
   159                           
   160                           ; 2 bytes @ 0x0
   161  000034                     	ds	2
   162  000036                     ___awmod@divisor:
   163                           	opt stack 0
   164                           
   165                           ; 2 bytes @ 0x2
   166  000036                     	ds	2
   167  000038                     ??___awmod:
   168                           
   169                           ; 0 bytes @ 0x4
   170  000038                     	ds	1
   171  000039                     ___awmod@counter:
   172                           	opt stack 0
   173                           
   174                           ; 1 bytes @ 0x5
   175  000039                     	ds	1
   176  00003A                     ___awmod@sign:
   177                           	opt stack 0
   178                           
   179                           ; 1 bytes @ 0x6
   180  00003A                     	ds	1
   181  00003B                     ??_low_interrupt:
   182                           
   183                           ; 0 bytes @ 0x7
   184  00003B                     	ds	17
   185  00004C                     ??_high_interrupt:
   186                           
   187                           ; 0 bytes @ 0x18
   188  00004C                     	ds	14
   189  00005A                     ??_send_board:
   190  00005A                     ??_setup:
   191                           
   192                           ; 0 bytes @ 0x26
   193  00005A                     	ds	1
   194  00005B                     setup@index:
   195                           	opt stack 0
   196  00005B                     send_board@x:
   197                           	opt stack 0
   198                           
   199                           ; 1 bytes @ 0x27
   200  00005B                     	ds	1
   201  00005C                     setup@index_191:
   202                           	opt stack 0
   203  00005C                     send_board@y:
   204                           	opt stack 0
   205                           
   206                           ; 1 bytes @ 0x28
   207  00005C                     	ds	1
   208  00005D                     setup@index_192:
   209                           	opt stack 0
   210  00005D                     send_board@wait_time:
   211                           	opt stack 0
   212                           
   213                           ; 2 bytes @ 0x29
   214  00005D                     	ds	2
   215  00005F                     send_board@index:
   216                           	opt stack 0
   217                           
   218                           ; 1 bytes @ 0x2B
   219  00005F                     	ds	1
   220  000060                     postinc0	equ	0xFEE
   221                           wreg	equ	0xFE8
   222                           
   223 ;; *************** function _send_board *****************
   224 ;; Defined at:
   225 ;;		line 90 in file "main.c"
   226 ;; Parameters:    Size  Location     Type
   227 ;;		None
   228 ;; Auto vars:     Size  Location     Type
   229 ;;  index           1   43[COMRAM] unsigned char 
   230 ;;  wait_time       2   41[COMRAM] unsigned short 
   231 ;;  y               1   40[COMRAM] unsigned char 
   232 ;;  x               1   39[COMRAM] unsigned char 
   233 ;; Return value:  Size  Location     Type
   234 ;;		None               void
   235 ;; Registers used:
   236 ;;		wreg, fsr0l, fsr0h, fsr1l, fsr1h, fsr1l, fsr1h, fsr2l, fsr2h, status,2, status,0, pclat, btemp, btemp+1, btemp+2, bt
      +emp+3, btemp+4, btemp+5, btemp+6, btemp+7, tosl, structret, tblptrl, tblptrh, tblptru, prodl, prodh, bsr, cstack
   237 ;; Tracked objects:
   238 ;;		On entry : 0/0
   239 ;;		On exit  : 0/0
   240 ;;		Unchanged: 0/0
   241 ;; Data sizes:     COMRAM   BANK0   BANK1   BANK2   BANK3   BANK4   BANK5   BANK6   BANK7
   242 ;;      Params:         0       0       0       0       0       0       0       0       0
   243 ;;      Locals:         5       0       0       0       0       0       0       0       0
   244 ;;      Temps:          1       0       0       0       0       0       0       0       0
   245 ;;      Totals:         6       0       0       0       0       0       0       0       0
   246 ;;Total ram usage:        6 bytes
   247 ;; Hardware stack levels used:    1
   248 ;; Hardware stack levels required when called:    4
   249 ;; This function calls:
   250 ;;		_disableInterrupts
   251 ;;		_enableInterrupts
   252 ;; This function is called by:
   253 ;;		_main
   254 ;; This function uses a non-reentrant model
   255 ;;
   256                           
   257                           	psect	text1
   258  000264                     __ptext1:
   259                           	opt stack 0
   260  000264                     _send_board:
   261                           	opt stack 26
   262                           
   263                           ;main.c: 91: unsigned char x = 0;
   264                           
   265                           ;incstack = 0
   266                           ;incstack = 0
   267  000264  6E5A               	movwf	??_send_board& (0+255),c
   268  000266  0E00               	movlw	0
   269  000268  6E5B               	movwf	send_board@x,c
   270  00026A  505A               	movf	??_send_board& (0+255),w,c
   271                           
   272                           ;main.c: 92: unsigned char y = 0;
   273  00026C  6E5A               	movwf	??_send_board& (0+255),c
   274  00026E  0E00               	movlw	0
   275  000270  6E5C               	movwf	send_board@y,c
   276  000272  505A               	movf	??_send_board& (0+255),w,c
   277                           
   278                           ;main.c: 93: disableInterrupts();
   279  000274  EC84  F001         	call	_disableInterrupts	;wreg free
   280                           
   281                           ;main.c: 94: TRISD = 0x00;
   282  000278  0E00               	movlw	0
   283  00027A  6E95               	movwf	3989,c	;volatile
   284                           
   285                           ;main.c: 95: for (unsigned char index =0; index < 5 * 24; index++)
   286  00027C  6E5A               	movwf	??_send_board& (0+255),c
   287  00027E  0E00               	movlw	0
   288  000280  6E5F               	movwf	send_board@index,c
   289  000282  505A               	movf	??_send_board& (0+255),w,c
   290  000284  D018               	goto	L1
   291  000286                     l52:
   292                           
   293                           ;main.c: 96: {
   294                           ;main.c: 97: PORTD = 0xff;
   295  000286  6883               	setf	3971,c	;volatile
   296  000288  F000               	nop		;# 
   297  00028A  F000               	nop		;# 
   298  00028C  F000               	nop		;# 
   299  00028E  F000               	nop		;# 
   300  000290  F000               	nop		;# 
   301  000292  F000               	nop		;# 
   302  000294  F000               	nop		;# 
   303  000296  F000               	nop		;# 
   304                           
   305                           ;main.c: 101: PORTD = block_coding[index];
   306  000298  505F               	movf	send_board@index,w,c
   307  00029A  0D01               	mullw	1
   308  00029C  0100               	movlb	0	; () banked
   309  00029E  0E60               	movlw	low _block_coding
   310  0002A0  24F3               	addwf	prodl,w,c
   311  0002A2  6ED9               	movwf	fsr2l,c
   312  0002A4  0100               	movlb	0	; () banked
   313  0002A6  0E00               	movlw	high _block_coding
   314  0002A8  20F4               	addwfc	prodh,w,c
   315  0002AA  6EDA               	movwf	fsr2h,c
   316  0002AC  50DF               	movf	indf2,w,c
   317  0002AE  6E83               	movwf	3971,c	;volatile
   318                           
   319                           ; BSR set to: 0
   320                           ;main.c: 106: PORTD = 0x00;
   321  0002B0  0E00               	movlw	0
   322  0002B2  6E83               	movwf	3971,c	;volatile
   323                           
   324                           ; BSR set to: 0
   325  0002B4  2A5F               	incf	send_board@index,f,c
   326  0002B6                     L1:
   327                           
   328                           ; BSR set to: 0
   329  0002B6  0E77               	movlw	119
   330  0002B8  645F               	cpfsgt	send_board@index,c
   331  0002BA  D7E5               	goto	l52
   332                           
   333                           ;main.c: 110: }
   334                           ;main.c: 111: unsigned short int wait_time = 266;
   335                           
   336                           ; BSR set to: 0
   337  0002BC  0E01               	movlw	1
   338  0002BE  6E5E               	movwf	send_board@wait_time+1,c
   339  0002C0  0E0A               	movlw	10
   340  0002C2  6E5D               	movwf	send_board@wait_time,c
   341                           
   342                           ;main.c: 112: while (wait_time) wait_time--;
   343  0002C4  D003               	goto	l791
   344  0002C6                     l789:
   345  0002C6  065D               	decf	send_board@wait_time,f,c
   346  0002C8  A0D8               	btfss	status,0,c
   347  0002CA  065E               	decf	send_board@wait_time+1,f,c
   348  0002CC                     l791:
   349  0002CC  505E               	movf	send_board@wait_time+1,w,c
   350  0002CE  105D               	iorwf	send_board@wait_time,w,c
   351  0002D0  A4D8               	btfss	status,2,c
   352  0002D2  D7F9               	goto	l789
   353                           
   354                           ;main.c: 113: enableInterrupts();
   355  0002D4  EC81  F001         	call	_enableInterrupts	;wreg free
   356  0002D8  0012               	return	
   357  0002DA                     __end_of_send_board:
   358                           	opt stack 0
   359                           prodh	equ	0xFF4
   360                           prodl	equ	0xFF3
   361                           postinc0	equ	0xFEE
   362                           wreg	equ	0xFE8
   363                           indf2	equ	0xFDF
   364                           fsr2h	equ	0xFDA
   365                           fsr2l	equ	0xFD9
   366                           status	equ	0xFD8
   367                           
   368 ;; *************** function _enableInterrupts *****************
   369 ;; Defined at:
   370 ;;		line 4 in file "setupFunctions.c"
   371 ;; Parameters:    Size  Location     Type
   372 ;;		None
   373 ;; Auto vars:     Size  Location     Type
   374 ;;		None
   375 ;; Return value:  Size  Location     Type
   376 ;;		None               void
   377 ;; Registers used:
   378 ;;		None
   379 ;; Tracked objects:
   380 ;;		On entry : 0/0
   381 ;;		On exit  : 0/0
   382 ;;		Unchanged: 0/0
   383 ;; Data sizes:     COMRAM   BANK0   BANK1   BANK2   BANK3   BANK4   BANK5   BANK6   BANK7
   384 ;;      Params:         0       0       0       0       0       0       0       0       0
   385 ;;      Locals:         0       0       0       0       0       0       0       0       0
   386 ;;      Temps:          0       0       0       0       0       0       0       0       0
   387 ;;      Totals:         0       0       0       0       0       0       0       0       0
   388 ;;Total ram usage:        0 bytes
   389 ;; Hardware stack levels used:    1
   390 ;; Hardware stack levels required when called:    3
   391 ;; This function calls:
   392 ;;		Nothing
   393 ;; This function is called by:
   394 ;;		_send_board
   395 ;; This function uses a non-reentrant model
   396 ;;
   397                           
   398                           	psect	text2
   399  000302                     __ptext2:
   400                           	opt stack 0
   401  000302                     _enableInterrupts:
   402                           	opt stack 26
   403                           
   404                           ;setupFunctions.c: 5: INTCONbits.GIE =1;
   405                           
   406                           ;incstack = 0
   407                           ;incstack = 0
   408  000302  8EF2               	bsf	intcon,7,c	;volatile
   409                           
   410                           ;setupFunctions.c: 6: INTCONbits.PEIE = 1;
   411  000304  8CF2               	bsf	intcon,6,c	;volatile
   412  000306  0012               	return	
   413  000308                     __end_of_enableInterrupts:
   414                           	opt stack 0
   415                           prodh	equ	0xFF4
   416                           prodl	equ	0xFF3
   417                           intcon	equ	0xFF2
   418                           postinc0	equ	0xFEE
   419                           wreg	equ	0xFE8
   420                           indf2	equ	0xFDF
   421                           fsr2h	equ	0xFDA
   422                           fsr2l	equ	0xFD9
   423                           status	equ	0xFD8
   424                           
   425 ;; *************** function _disableInterrupts *****************
   426 ;; Defined at:
   427 ;;		line 9 in file "setupFunctions.c"
   428 ;; Parameters:    Size  Location     Type
   429 ;;		None
   430 ;; Auto vars:     Size  Location     Type
   431 ;;		None
   432 ;; Return value:  Size  Location     Type
   433 ;;		None               void
   434 ;; Registers used:
   435 ;;		None
   436 ;; Tracked objects:
   437 ;;		On entry : 0/0
   438 ;;		On exit  : 0/0
   439 ;;		Unchanged: 0/0
   440 ;; Data sizes:     COMRAM   BANK0   BANK1   BANK2   BANK3   BANK4   BANK5   BANK6   BANK7
   441 ;;      Params:         0       0       0       0       0       0       0       0       0
   442 ;;      Locals:         0       0       0       0       0       0       0       0       0
   443 ;;      Temps:          0       0       0       0       0       0       0       0       0
   444 ;;      Totals:         0       0       0       0       0       0       0       0       0
   445 ;;Total ram usage:        0 bytes
   446 ;; Hardware stack levels used:    1
   447 ;; Hardware stack levels required when called:    3
   448 ;; This function calls:
   449 ;;		Nothing
   450 ;; This function is called by:
   451 ;;		_send_board
   452 ;;		_interrupt_setup
   453 ;; This function uses a non-reentrant model
   454 ;;
   455                           
   456                           	psect	text3
   457  000308                     __ptext3:
   458                           	opt stack 0
   459  000308                     _disableInterrupts:
   460                           	opt stack 26
   461                           
   462                           ;setupFunctions.c: 10: INTCONbits.GIE = 0;
   463                           
   464                           ;incstack = 0
   465                           ;incstack = 0
   466  000308  9EF2               	bcf	intcon,7,c	;volatile
   467                           
   468                           ;setupFunctions.c: 11: INTCONbits.PEIE = 0;
   469  00030A  9CF2               	bcf	intcon,6,c	;volatile
   470  00030C  0012               	return	
   471  00030E                     __end_of_disableInterrupts:
   472                           	opt stack 0
   473                           prodh	equ	0xFF4
   474                           prodl	equ	0xFF3
   475                           intcon	equ	0xFF2
   476                           postinc0	equ	0xFEE
   477                           wreg	equ	0xFE8
   478                           indf2	equ	0xFDF
   479                           fsr2h	equ	0xFDA
   480                           fsr2l	equ	0xFD9
   481                           status	equ	0xFD8
   482                           
   483 ;; *************** function _setup *****************
   484 ;; Defined at:
   485 ;;		line 49 in file "main.c"
   486 ;; Parameters:    Size  Location     Type
   487 ;;		None
   488 ;; Auto vars:     Size  Location     Type
   489 ;;  index           1   41[COMRAM] unsigned char 
   490 ;;  index           1   40[COMRAM] unsigned char 
   491 ;;  index           1   39[COMRAM] unsigned char 
   492 ;; Return value:  Size  Location     Type
   493 ;;		None               void
   494 ;; Registers used:
   495 ;;		wreg, fsr2l, fsr2h, status,2, status,0, prodl, prodh
   496 ;; Tracked objects:
   497 ;;		On entry : 0/0
   498 ;;		On exit  : 0/0
   499 ;;		Unchanged: 0/0
   500 ;; Data sizes:     COMRAM   BANK0   BANK1   BANK2   BANK3   BANK4   BANK5   BANK6   BANK7
   501 ;;      Params:         0       0       0       0       0       0       0       0       0
   502 ;;      Locals:         3       0       0       0       0       0       0       0       0
   503 ;;      Temps:          1       0       0       0       0       0       0       0       0
   504 ;;      Totals:         4       0       0       0       0       0       0       0       0
   505 ;;Total ram usage:        4 bytes
   506 ;; Hardware stack levels used:    1
   507 ;; Hardware stack levels required when called:    3
   508 ;; This function calls:
   509 ;;		Nothing
   510 ;; This function is called by:
   511 ;;		_main
   512 ;; This function uses a non-reentrant model
   513 ;;
   514                           
   515                           	psect	text4
   516  00016C                     __ptext4:
   517                           	opt stack 0
   518  00016C                     _setup:
   519                           	opt stack 27
   520                           
   521                           ;main.c: 51: for (unsigned char index = 0; index < 5 * 24; index++)
   522                           
   523                           ;incstack = 0
   524                           ;incstack = 0
   525  00016C  6E5A               	movwf	??_setup& (0+255),c
   526  00016E  0E00               	movlw	0
   527  000170  6E5B               	movwf	setup@index,c
   528  000172  505A               	movf	??_setup& (0+255),w,c
   529  000174  D00D               	goto	L2
   530  000176                     l733:
   531                           
   532                           ;main.c: 52: {
   533                           ;main.c: 53: block_coding[index] = 0;
   534  000176  505B               	movf	setup@index,w,c
   535  000178  0D01               	mullw	1
   536  00017A  0100               	movlb	0	; () banked
   537  00017C  0E60               	movlw	low _block_coding
   538  00017E  24F3               	addwf	prodl,w,c
   539  000180  6ED9               	movwf	fsr2l,c
   540  000182  0100               	movlb	0	; () banked
   541  000184  0E00               	movlw	high _block_coding
   542  000186  20F4               	addwfc	prodh,w,c
   543  000188  6EDA               	movwf	fsr2h,c
   544  00018A  0E00               	movlw	0
   545  00018C  6EDF               	movwf	indf2,c
   546                           
   547                           ; BSR set to: 0
   548  00018E  2A5B               	incf	setup@index,f,c
   549  000190                     L2:
   550                           
   551                           ; BSR set to: 0
   552  000190  0E77               	movlw	119
   553  000192  645B               	cpfsgt	setup@index,c
   554  000194  D7F0               	goto	l733
   555                           
   556                           ;main.c: 54: }
   557                           ;main.c: 55: for (unsigned char index = 0; index < 10; index++)
   558                           
   559                           ; BSR set to: 0
   560  000196  6E5A               	movwf	??_setup& (0+255),c
   561  000198  0E00               	movlw	0
   562  00019A  6E5C               	movwf	setup@index_191,c
   563  00019C  505A               	movf	??_setup& (0+255),w,c
   564  00019E  D00D               	goto	L3
   565  0001A0                     l745:
   566                           
   567                           ;main.c: 56: {
   568                           ;main.c: 57: current_height[index] = 0;
   569  0001A0  505C               	movf	setup@index_191,w,c
   570  0001A2  0D02               	mullw	2
   571  0001A4  0E01               	movlw	low _current_height
   572  0001A6  24F3               	addwf	prodl,w,c
   573  0001A8  6ED9               	movwf	fsr2l,c
   574  0001AA  0E00               	movlw	high _current_height
   575  0001AC  20F4               	addwfc	prodh,w,c
   576  0001AE  6EDA               	movwf	fsr2h,c
   577  0001B0  0E00               	movlw	0
   578  0001B2  6EDE               	movwf	postinc2,c
   579  0001B4  0E00               	movlw	0
   580  0001B6  6EDD               	movwf	postdec2,c
   581  0001B8  2A5C               	incf	setup@index_191,f,c
   582  0001BA                     L3:
   583  0001BA  0E09               	movlw	9
   584  0001BC  645C               	cpfsgt	setup@index_191,c
   585  0001BE  D7F0               	goto	l745
   586                           
   587                           ;main.c: 58: }
   588                           ;main.c: 59: for (unsigned char index = 0; index < 10; index++)
   589  0001C0  6E5A               	movwf	??_setup& (0+255),c
   590  0001C2  0E00               	movlw	0
   591  0001C4  6E5D               	movwf	setup@index_192,c
   592  0001C6  505A               	movf	??_setup& (0+255),w,c
   593  0001C8  D00B               	goto	L4
   594  0001CA                     l757:
   595                           
   596                           ;main.c: 60: {
   597                           ;main.c: 61: b_value[index] = 0;
   598  0001CA  505D               	movf	setup@index_192,w,c
   599  0001CC  0D01               	mullw	1
   600  0001CE  0E29               	movlw	low _b_value
   601  0001D0  24F3               	addwf	prodl,w,c
   602  0001D2  6ED9               	movwf	fsr2l,c
   603  0001D4  0E00               	movlw	high _b_value
   604  0001D6  20F4               	addwfc	prodh,w,c
   605  0001D8  6EDA               	movwf	fsr2h,c
   606  0001DA  0E00               	movlw	0
   607  0001DC  6EDF               	movwf	indf2,c
   608  0001DE  2A5D               	incf	setup@index_192,f,c
   609  0001E0                     L4:
   610  0001E0  0E09               	movlw	9
   611  0001E2  645D               	cpfsgt	setup@index_192,c
   612  0001E4  D7F2               	goto	l757
   613  0001E6  0012               	return	
   614  0001E8                     __end_of_setup:
   615                           	opt stack 0
   616                           prodh	equ	0xFF4
   617                           prodl	equ	0xFF3
   618                           intcon	equ	0xFF2
   619                           postinc0	equ	0xFEE
   620                           wreg	equ	0xFE8
   621                           indf2	equ	0xFDF
   622                           postinc2	equ	0xFDE
   623                           postdec2	equ	0xFDD
   624                           fsr2h	equ	0xFDA
   625                           fsr2l	equ	0xFD9
   626                           status	equ	0xFD8
   627                           
   628 ;; *************** function _low_interrupt *****************
   629 ;; Defined at:
   630 ;;		line 33 in file "main.c"
   631 ;; Parameters:    Size  Location     Type
   632 ;;		None
   633 ;; Auto vars:     Size  Location     Type
   634 ;;		None
   635 ;; Return value:  Size  Location     Type
   636 ;;		None               void
   637 ;; Registers used:
   638 ;;		wreg, fsr2l, fsr2h, status,2, status,0, prodl, prodh, cstack
   639 ;; Tracked objects:
   640 ;;		On entry : 0/0
   641 ;;		On exit  : 0/0
   642 ;;		Unchanged: 0/0
   643 ;; Data sizes:     COMRAM   BANK0   BANK1   BANK2   BANK3   BANK4   BANK5   BANK6   BANK7
   644 ;;      Params:         0       0       0       0       0       0       0       0       0
   645 ;;      Locals:         0       0       0       0       0       0       0       0       0
   646 ;;      Temps:         17       0       0       0       0       0       0       0       0
   647 ;;      Totals:        17       0       0       0       0       0       0       0       0
   648 ;;Total ram usage:       17 bytes
   649 ;; Hardware stack levels used:    1
   650 ;; Hardware stack levels required when called:    2
   651 ;; This function calls:
   652 ;;		___awmod
   653 ;; This function is called by:
   654 ;;		Interrupt level 1
   655 ;; This function uses a non-reentrant model
   656 ;;
   657                           
   658                           	psect	intcodelo
   659  000018                     __pintcodelo:
   660                           	opt stack 0
   661  000018                     _low_interrupt:
   662                           	opt stack 26
   663                           
   664                           ;incstack = 0
   665  000018  CFD8 F03B          	movff	status,??_low_interrupt
   666  00001C  CFE8 F03C          	movff	wreg,??_low_interrupt+1
   667  000020  CFE0 F03D          	movff	bsr,??_low_interrupt+2
   668  000024  CFFA F03E          	movff	pclath,??_low_interrupt+3
   669  000028  CFFB F03F          	movff	pclatu,??_low_interrupt+4
   670  00002C  CFE9 F040          	movff	fsr0l,??_low_interrupt+5
   671  000030  CFEA F041          	movff	fsr0h,??_low_interrupt+6
   672  000034  CFE1 F042          	movff	fsr1l,??_low_interrupt+7
   673  000038  CFE2 F043          	movff	fsr1h,??_low_interrupt+8
   674  00003C  CFD9 F044          	movff	fsr2l,??_low_interrupt+9
   675  000040  CFDA F045          	movff	fsr2h,??_low_interrupt+10
   676  000044  CFF3 F046          	movff	prodl,??_low_interrupt+11
   677  000048  CFF4 F047          	movff	prodh,??_low_interrupt+12
   678  00004C  CFF6 F048          	movff	tblptrl,??_low_interrupt+13
   679  000050  CFF7 F049          	movff	tblptrh,??_low_interrupt+14
   680  000054  CFF8 F04A          	movff	tblptru,??_low_interrupt+15
   681  000058  CFF5 F04B          	movff	tablat,??_low_interrupt+16
   682  00005C                     
   683                           ;main.c: 34: if (INTCONbits.RBIF == 1)
   684  00005C  A0F2               	btfss	intcon,0,c	;volatile
   685  00005E  D001               	goto	i1u18_21
   686  000060  D001               	goto	i1u18_20
   687  000062                     i1u18_21:
   688  000062  D018               	goto	i1l897
   689  000064                     i1u18_20:
   690  000064                     
   691                           ;main.c: 35: {
   692                           ;main.c: 36: INTCONbits.RBIF = 0;
   693  000064  90F2               	bcf	intcon,0,c	;volatile
   694  000066                     
   695                           ;main.c: 37: b_value[b_buf_ptr] = PORTB;
   696  000066  5033               	movf	_b_buf_ptr,w,c
   697  000068  0D01               	mullw	1
   698  00006A  0E29               	movlw	low _b_value
   699  00006C  24F3               	addwf	prodl,w,c
   700  00006E  6ED9               	movwf	fsr2l,c
   701  000070  0E00               	movlw	high _b_value
   702  000072  20F4               	addwfc	prodh,w,c
   703  000074  6EDA               	movwf	fsr2h,c
   704  000076  CF81 FFDF          	movff	3969,indf2	;volatile
   705  00007A                     
   706                           ;main.c: 38: b_buf_ptr = ++b_buf_ptr % 10;
   707  00007A  2A33               	incf	_b_buf_ptr,f,c
   708  00007C  C033  F034         	movff	_b_buf_ptr,?___awmod
   709  000080  6A35               	clrf	?___awmod+1,c
   710  000082  0E00               	movlw	0
   711  000084  6E37               	movwf	?___awmod+3,c
   712  000086  0E0A               	movlw	10
   713  000088  6E36               	movwf	?___awmod+2,c
   714  00008A  ECF4  F000         	call	___awmod	;wreg free
   715  00008E  5034               	movf	?___awmod,w,c
   716  000090  6E33               	movwf	_b_buf_ptr,c
   717  000092  D000               	goto	i1l897
   718  000094                     i1l897:
   719                           
   720                           ;main.c: 39: }
   721                           ;main.c: 40: if (INTCONbits.INT0IF == 1)
   722  000094  A2F2               	btfss	intcon,1,c	;volatile
   723  000096  D001               	goto	i1u19_21
   724  000098  D001               	goto	i1u19_20
   725  00009A                     i1u19_21:
   726  00009A  D002               	goto	i1l34
   727  00009C                     i1u19_20:
   728  00009C                     
   729                           ;main.c: 41: {
   730                           ;main.c: 42: INTCONbits.INT0IF = 0;
   731  00009C  92F2               	bcf	intcon,1,c	;volatile
   732  00009E  D000               	goto	i1l34
   733  0000A0                     i1l34:
   734  0000A0  C04B  FFF5         	movff	??_low_interrupt+16,tablat
   735  0000A4  C04A  FFF8         	movff	??_low_interrupt+15,tblptru
   736  0000A8  C049  FFF7         	movff	??_low_interrupt+14,tblptrh
   737  0000AC  C048  FFF6         	movff	??_low_interrupt+13,tblptrl
   738  0000B0  C047  FFF4         	movff	??_low_interrupt+12,prodh
   739  0000B4  C046  FFF3         	movff	??_low_interrupt+11,prodl
   740  0000B8  C045  FFDA         	movff	??_low_interrupt+10,fsr2h
   741  0000BC  C044  FFD9         	movff	??_low_interrupt+9,fsr2l
   742  0000C0  C043  FFE2         	movff	??_low_interrupt+8,fsr1h
   743  0000C4  C042  FFE1         	movff	??_low_interrupt+7,fsr1l
   744  0000C8  C041  FFEA         	movff	??_low_interrupt+6,fsr0h
   745  0000CC  C040  FFE9         	movff	??_low_interrupt+5,fsr0l
   746  0000D0  C03F  FFFB         	movff	??_low_interrupt+4,pclatu
   747  0000D4  C03E  FFFA         	movff	??_low_interrupt+3,pclath
   748  0000D8  C03D  FFE0         	movff	??_low_interrupt+2,bsr
   749  0000DC  C03C  FFE8         	movff	??_low_interrupt+1,wreg
   750  0000E0  C03B  FFD8         	movff	??_low_interrupt,status
   751  0000E4  0010               	retfie	
   752  0000E6                     __end_of_low_interrupt:
   753                           	opt stack 0
   754                           pclatu	equ	0xFFB
   755                           pclath	equ	0xFFA
   756                           tblptru	equ	0xFF8
   757                           tblptrh	equ	0xFF7
   758                           tblptrl	equ	0xFF6
   759                           tablat	equ	0xFF5
   760                           prodh	equ	0xFF4
   761                           prodl	equ	0xFF3
   762                           intcon	equ	0xFF2
   763                           postinc0	equ	0xFEE
   764                           fsr0h	equ	0xFEA
   765                           fsr0l	equ	0xFE9
   766                           wreg	equ	0xFE8
   767                           fsr1h	equ	0xFE2
   768                           fsr1l	equ	0xFE1
   769                           bsr	equ	0xFE0
   770                           indf2	equ	0xFDF
   771                           postinc2	equ	0xFDE
   772                           postdec2	equ	0xFDD
   773                           fsr2h	equ	0xFDA
   774                           fsr2l	equ	0xFD9
   775                           status	equ	0xFD8
   776                           
   777 ;; *************** function ___awmod *****************
   778 ;; Defined at:
   779 ;;		line 10 in file "E:\Microchip\xc8\v1.21\sources\common\awmod.c"
   780 ;; Parameters:    Size  Location     Type
   781 ;;  dividend        2    0[COMRAM] int 
   782 ;;  divisor         2    2[COMRAM] int 
   783 ;; Auto vars:     Size  Location     Type
   784 ;;  sign            1    6[COMRAM] unsigned char 
   785 ;;  counter         1    5[COMRAM] unsigned char 
   786 ;; Return value:  Size  Location     Type
   787 ;;                  2    0[COMRAM] int 
   788 ;; Registers used:
   789 ;;		wreg, status,2, status,0
   790 ;; Tracked objects:
   791 ;;		On entry : 0/0
   792 ;;		On exit  : 0/0
   793 ;;		Unchanged: 0/0
   794 ;; Data sizes:     COMRAM   BANK0   BANK1   BANK2   BANK3   BANK4   BANK5   BANK6   BANK7
   795 ;;      Params:         4       0       0       0       0       0       0       0       0
   796 ;;      Locals:         2       0       0       0       0       0       0       0       0
   797 ;;      Temps:          1       0       0       0       0       0       0       0       0
   798 ;;      Totals:         7       0       0       0       0       0       0       0       0
   799 ;;Total ram usage:        7 bytes
   800 ;; Hardware stack levels used:    1
   801 ;; Hardware stack levels required when called:    1
   802 ;; This function calls:
   803 ;;		Nothing
   804 ;; This function is called by:
   805 ;;		_low_interrupt
   806 ;; This function uses a non-reentrant model
   807 ;;
   808                           
   809                           	psect	text6
   810  0001E8                     __ptext6:
   811                           	opt stack 0
   812  0001E8                     ___awmod:
   813                           	opt stack 26
   814                           
   815                           ;incstack = 0
   816                           ;incstack = 0
   817  0001E8  6E38               	movwf	??___awmod& (0+255),c
   818  0001EA  0E00               	movlw	0
   819  0001EC  6E3A               	movwf	___awmod@sign,c
   820  0001EE  5038               	movf	??___awmod& (0+255),w,c
   821  0001F0  AE35               	btfss	___awmod@dividend+1,7,c
   822  0001F2  D008               	goto	i1l861
   823  0001F4  6C34               	negf	___awmod@dividend,c
   824  0001F6  1E35               	comf	___awmod@dividend+1,f,c
   825  0001F8  B0D8               	btfsc	status,0,c
   826  0001FA  2A35               	incf	___awmod@dividend+1,f,c
   827  0001FC  6E38               	movwf	??___awmod& (0+255),c
   828  0001FE  0E01               	movlw	1
   829  000200  6E3A               	movwf	___awmod@sign,c
   830  000202  5038               	movf	??___awmod& (0+255),w,c
   831  000204                     i1l861:
   832  000204  AE37               	btfss	___awmod@divisor+1,7,c
   833  000206  D004               	goto	i1l865
   834  000208  6C36               	negf	___awmod@divisor,c
   835  00020A  1E37               	comf	___awmod@divisor+1,f,c
   836  00020C  B0D8               	btfsc	status,0,c
   837  00020E  2A37               	incf	___awmod@divisor+1,f,c
   838  000210                     i1l865:
   839  000210  5037               	movf	___awmod@divisor+1,w,c
   840  000212  1036               	iorwf	___awmod@divisor,w,c
   841  000214  B4D8               	btfsc	status,2,c
   842  000216  D01A               	goto	i1l881
   843  000218  6E38               	movwf	??___awmod& (0+255),c
   844  00021A  0E01               	movlw	1
   845  00021C  6E39               	movwf	___awmod@counter,c
   846  00021E  5038               	movf	??___awmod& (0+255),w,c
   847  000220  D004               	goto	i1l871
   848  000222                     i1l869:
   849  000222  90D8               	bcf	status,0,c
   850  000224  3636               	rlcf	___awmod@divisor,f,c
   851  000226  3637               	rlcf	___awmod@divisor+1,f,c
   852  000228  2A39               	incf	___awmod@counter,f,c
   853  00022A                     i1l871:
   854  00022A  AE37               	btfss	___awmod@divisor+1,7,c
   855  00022C  D7FA               	goto	i1l869
   856  00022E                     i1l873:
   857  00022E  5036               	movf	___awmod@divisor,w,c
   858  000230  5C34               	subwf	___awmod@dividend,w,c
   859  000232  5037               	movf	___awmod@divisor+1,w,c
   860  000234  5835               	subwfb	___awmod@dividend+1,w,c
   861  000236  A0D8               	btfss	status,0,c
   862  000238  D004               	goto	i1l877
   863  00023A  5036               	movf	___awmod@divisor,w,c
   864  00023C  5E34               	subwf	___awmod@dividend,f,c
   865  00023E  5037               	movf	___awmod@divisor+1,w,c
   866  000240  5A35               	subwfb	___awmod@dividend+1,f,c
   867  000242                     i1l877:
   868  000242  90D8               	bcf	status,0,c
   869  000244  3237               	rrcf	___awmod@divisor+1,f,c
   870  000246  3236               	rrcf	___awmod@divisor,f,c
   871  000248  2E39               	decfsz	___awmod@counter,f,c
   872  00024A  D7F1               	goto	i1l873
   873  00024C                     i1l881:
   874  00024C  503A               	movf	___awmod@sign,w,c
   875  00024E  B4D8               	btfsc	status,2,c
   876  000250  D004               	goto	i1l885
   877  000252  6C34               	negf	___awmod@dividend,c
   878  000254  1E35               	comf	___awmod@dividend+1,f,c
   879  000256  B0D8               	btfsc	status,0,c
   880  000258  2A35               	incf	___awmod@dividend+1,f,c
   881  00025A                     i1l885:
   882  00025A  C034  F034         	movff	___awmod@dividend,?___awmod
   883  00025E  C035  F035         	movff	___awmod@dividend+1,?___awmod+1
   884  000262  0012               	return	
   885  000264                     __end_of___awmod:
   886                           	opt stack 0
   887                           pclatu	equ	0xFFB
   888                           pclath	equ	0xFFA
   889                           tblptru	equ	0xFF8
   890                           tblptrh	equ	0xFF7
   891                           tblptrl	equ	0xFF6
   892                           tablat	equ	0xFF5
   893                           prodh	equ	0xFF4
   894                           prodl	equ	0xFF3
   895                           intcon	equ	0xFF2
   896                           postinc0	equ	0xFEE
   897                           fsr0h	equ	0xFEA
   898                           fsr0l	equ	0xFE9
   899                           wreg	equ	0xFE8
   900                           fsr1h	equ	0xFE2
   901                           fsr1l	equ	0xFE1
   902                           bsr	equ	0xFE0
   903                           indf2	equ	0xFDF
   904                           postinc2	equ	0xFDE
   905                           postdec2	equ	0xFDD
   906                           fsr2h	equ	0xFDA
   907                           fsr2l	equ	0xFD9
   908                           status	equ	0xFD8
   909                           
   910 ;; *************** function _high_interrupt *****************
   911 ;; Defined at:
   912 ;;		line 20 in file "main.c"
   913 ;; Parameters:    Size  Location     Type
   914 ;;		None
   915 ;; Auto vars:     Size  Location     Type
   916 ;;		None
   917 ;; Return value:  Size  Location     Type
   918 ;;		None               void
   919 ;; Registers used:
   920 ;;		None
   921 ;; Tracked objects:
   922 ;;		On entry : 0/0
   923 ;;		On exit  : 0/0
   924 ;;		Unchanged: 0/0
   925 ;; Data sizes:     COMRAM   BANK0   BANK1   BANK2   BANK3   BANK4   BANK5   BANK6   BANK7
   926 ;;      Params:         0       0       0       0       0       0       0       0       0
   927 ;;      Locals:         0       0       0       0       0       0       0       0       0
   928 ;;      Temps:         14       0       0       0       0       0       0       0       0
   929 ;;      Totals:        14       0       0       0       0       0       0       0       0
   930 ;;Total ram usage:       14 bytes
   931 ;; Hardware stack levels used:    1
   932 ;; This function calls:
   933 ;;		Nothing
   934 ;; This function is called by:
   935 ;;		Interrupt level 2
   936 ;; This function uses a non-reentrant model
   937 ;;
   938                           
   939                           	psect	intcode
   940  000008                     __pintcode:
   941                           	opt stack 0
   942  000008                     _high_interrupt:
   943                           	opt stack 26
   944                           
   945                           ;incstack = 0
   946  000008  CFFA F04C          	movff	pclath,??_high_interrupt
   947  00000C  CFFB F04D          	movff	pclatu,??_high_interrupt+1
   948  000010  ED75  F000         	call	int_func,f	;refresh shadow registers
   949                           pclatu	equ	0xFFB
   950                           pclath	equ	0xFFA
   951                           tblptru	equ	0xFF8
   952                           tblptrh	equ	0xFF7
   953                           tblptrl	equ	0xFF6
   954                           tablat	equ	0xFF5
   955                           prodh	equ	0xFF4
   956                           prodl	equ	0xFF3
   957                           intcon	equ	0xFF2
   958                           postinc0	equ	0xFEE
   959                           fsr0h	equ	0xFEA
   960                           fsr0l	equ	0xFE9
   961                           wreg	equ	0xFE8
   962                           fsr1h	equ	0xFE2
   963                           fsr1l	equ	0xFE1
   964                           bsr	equ	0xFE0
   965                           indf2	equ	0xFDF
   966                           postinc2	equ	0xFDE
   967                           postdec2	equ	0xFDD
   968                           fsr2h	equ	0xFDA
   969                           fsr2l	equ	0xFD9
   970                           status	equ	0xFD8
   971                           
   972                           	psect	intcode_body
   973  0000EA                     __pintcode_body:
   974                           	opt stack 26
   975  0000EA                     int_func:
   976                           	opt stack 26
   977  0000EA  0006               	pop		; remove dummy address from shadow register refresh
   978  0000EC  CFE9 F04E          	movff	fsr0l,??_high_interrupt+2
   979  0000F0  CFEA F04F          	movff	fsr0h,??_high_interrupt+3
   980  0000F4  CFE1 F050          	movff	fsr1l,??_high_interrupt+4
   981  0000F8  CFE2 F051          	movff	fsr1h,??_high_interrupt+5
   982  0000FC  CFD9 F052          	movff	fsr2l,??_high_interrupt+6
   983  000100  CFDA F053          	movff	fsr2h,??_high_interrupt+7
   984  000104  CFF3 F054          	movff	prodl,??_high_interrupt+8
   985  000108  CFF4 F055          	movff	prodh,??_high_interrupt+9
   986  00010C  CFF6 F056          	movff	tblptrl,??_high_interrupt+10
   987  000110  CFF7 F057          	movff	tblptrh,??_high_interrupt+11
   988  000114  CFF8 F058          	movff	tblptru,??_high_interrupt+12
   989  000118  CFF5 F059          	movff	tablat,??_high_interrupt+13
   990  00011C                     
   991                           ;main.c: 21: if (PIR1bits.TMR1IF == 1)
   992  00011C  A09E               	btfss	3998,0,c	;volatile
   993  00011E  D001               	goto	i2u1_41
   994  000120  D001               	goto	i2u1_40
   995  000122                     i2u1_41:
   996  000122  D001               	goto	i2l27
   997  000124                     i2u1_40:
   998  000124                     
   999                           ;main.c: 22: {
  1000                           ;main.c: 23: PIR1bits.TMR1IF = 0;
  1001  000124  909E               	bcf	3998,0,c	;volatile
  1002  000126                     i2l27:
  1003                           
  1004                           ;main.c: 24: }
  1005                           ;main.c: 25: if (PIR1bits.TMR2IF == 1)
  1006  000126  A29E               	btfss	3998,1,c	;volatile
  1007  000128  D001               	goto	i2u2_41
  1008  00012A  D001               	goto	i2u2_40
  1009  00012C                     i2u2_41:
  1010  00012C  D002               	goto	i2l29
  1011  00012E                     i2u2_40:
  1012  00012E                     
  1013                           ;main.c: 26: {
  1014                           ;main.c: 27: PIR1bits.TMR2IF = 0;
  1015  00012E  929E               	bcf	3998,1,c	;volatile
  1016  000130  D000               	goto	i2l29
  1017  000132                     i2l29:
  1018  000132  C059  FFF5         	movff	??_high_interrupt+13,tablat
  1019  000136  C058  FFF8         	movff	??_high_interrupt+12,tblptru
  1020  00013A  C057  FFF7         	movff	??_high_interrupt+11,tblptrh
  1021  00013E  C056  FFF6         	movff	??_high_interrupt+10,tblptrl
  1022  000142  C055  FFF4         	movff	??_high_interrupt+9,prodh
  1023  000146  C054  FFF3         	movff	??_high_interrupt+8,prodl
  1024  00014A  C053  FFDA         	movff	??_high_interrupt+7,fsr2h
  1025  00014E  C052  FFD9         	movff	??_high_interrupt+6,fsr2l
  1026  000152  C051  FFE2         	movff	??_high_interrupt+5,fsr1h
  1027  000156  C050  FFE1         	movff	??_high_interrupt+4,fsr1l
  1028  00015A  C04F  FFEA         	movff	??_high_interrupt+3,fsr0h
  1029  00015E  C04E  FFE9         	movff	??_high_interrupt+2,fsr0l
  1030  000162  C04D  FFFB         	movff	??_high_interrupt+1,pclatu
  1031  000166  C04C  FFFA         	movff	??_high_interrupt,pclath
  1032  00016A  0011               	retfie		f
  1033  00016C                     __end_of_high_interrupt:
  1034                           	opt stack 0
  1035  0000                     pclatu	equ	0xFFB
  1036                           pclath	equ	0xFFA
  1037                           tblptru	equ	0xFF8
  1038                           tblptrh	equ	0xFF7
  1039                           tblptrl	equ	0xFF6
  1040                           tablat	equ	0xFF5
  1041                           prodh	equ	0xFF4
  1042                           prodl	equ	0xFF3
  1043                           intcon	equ	0xFF2
  1044                           postinc0	equ	0xFEE
  1045                           fsr0h	equ	0xFEA
  1046                           fsr0l	equ	0xFE9
  1047                           wreg	equ	0xFE8
  1048                           fsr1h	equ	0xFE2
  1049                           fsr1l	equ	0xFE1
  1050                           bsr	equ	0xFE0
  1051                           indf2	equ	0xFDF
  1052                           postinc2	equ	0xFDE
  1053                           postdec2	equ	0xFDD
  1054                           fsr2h	equ	0xFDA
  1055                           fsr2l	equ	0xFD9
  1056                           status	equ	0xFD8
  1057                           pclatu	equ	0xFFB
  1058                           pclath	equ	0xFFA
  1059                           tblptru	equ	0xFF8
  1060                           tblptrh	equ	0xFF7
  1061                           tblptrl	equ	0xFF6
  1062                           tablat	equ	0xFF5
  1063                           prodh	equ	0xFF4
  1064                           prodl	equ	0xFF3
  1065                           intcon	equ	0xFF2
  1066                           postinc0	equ	0xFEE
  1067                           fsr0h	equ	0xFEA
  1068                           fsr0l	equ	0xFE9
  1069                           wreg	equ	0xFE8
  1070                           fsr1h	equ	0xFE2
  1071                           fsr1l	equ	0xFE1
  1072                           bsr	equ	0xFE0
  1073                           indf2	equ	0xFDF
  1074                           postinc2	equ	0xFDE
  1075                           postdec2	equ	0xFDD
  1076                           fsr2h	equ	0xFDA
  1077                           fsr2l	equ	0xFD9
  1078                           status	equ	0xFD8
  1079                           
  1080                           	psect	rparam
  1081  0000                     pclatu	equ	0xFFB
  1082                           pclath	equ	0xFFA
  1083                           tblptru	equ	0xFF8
  1084                           tblptrh	equ	0xFF7
  1085                           tblptrl	equ	0xFF6
  1086                           tablat	equ	0xFF5
  1087                           prodh	equ	0xFF4
  1088                           prodl	equ	0xFF3
  1089                           intcon	equ	0xFF2
  1090                           postinc0	equ	0xFEE
  1091                           fsr0h	equ	0xFEA
  1092                           fsr0l	equ	0xFE9
  1093                           wreg	equ	0xFE8
  1094                           fsr1h	equ	0xFE2
  1095                           fsr1l	equ	0xFE1
  1096                           bsr	equ	0xFE0
  1097                           indf2	equ	0xFDF
  1098                           postinc2	equ	0xFDE
  1099                           postdec2	equ	0xFDD
  1100                           fsr2h	equ	0xFDA
  1101                           fsr2l	equ	0xFD9
  1102                           status	equ	0xFD8


Data Sizes:
    Strings     0
    Constant    0
    Data        0
    BSS         171
    Persistent  0
    Stack       0

Auto Spaces:
    Space          Size  Autos    Used
    COMRAM           95     44      95
    BANK0           160      0     120
    BANK1           256      0       0
    BANK2           256      0       0
    BANK3           256      0       0
    BANK4           256      0       0
    BANK5           256      0       0
    BANK6           256      0       0
    BANK7           256      0       0

Pointer List with Targets:

    ?___awmod	int  size(2) Largest target is 0


Critical Paths under _main in COMRAM

    _main->_send_board

Critical Paths under _high_interrupt in COMRAM

    None.

Critical Paths under _low_interrupt in COMRAM

    _low_interrupt->___awmod

Critical Paths under _main in BANK0

    None.

Critical Paths under _high_interrupt in BANK0

    None.

Critical Paths under _low_interrupt in BANK0

    None.

Critical Paths under _main in BANK1

    None.

Critical Paths under _high_interrupt in BANK1

    None.

Critical Paths under _low_interrupt in BANK1

    None.

Critical Paths under _main in BANK2

    None.

Critical Paths under _high_interrupt in BANK2

    None.

Critical Paths under _low_interrupt in BANK2

    None.

Critical Paths under _main in BANK3

    None.

Critical Paths under _high_interrupt in BANK3

    None.

Critical Paths under _low_interrupt in BANK3

    None.

Critical Paths under _main in BANK4

    None.

Critical Paths under _high_interrupt in BANK4

    None.

Critical Paths under _low_interrupt in BANK4

    None.

Critical Paths under _main in BANK5

    None.

Critical Paths under _high_interrupt in BANK5

    None.

Critical Paths under _low_interrupt in BANK5

    None.

Critical Paths under _main in BANK6

    None.

Critical Paths under _high_interrupt in BANK6

    None.

Critical Paths under _low_interrupt in BANK6

    None.

Critical Paths under _main in BANK7

    None.

Critical Paths under _high_interrupt in BANK7

    None.

Critical Paths under _low_interrupt in BANK7

    None.

Call Graph Tables:

 ---------------------------------------------------------------------------------
 (Depth) Function   	        Calls       Base Space   Used Autos Params    Refs
 ---------------------------------------------------------------------------------
 (0) _main                                                 0     0      0     195
                              _setup
                         _send_board
 ---------------------------------------------------------------------------------
 (1) _send_board                                           6     6      0      60
                                             38 COMRAM     6     6      0
                  _disableInterrupts
                   _enableInterrupts
 ---------------------------------------------------------------------------------
 (2) _enableInterrupts                                     0     0      0       0
 ---------------------------------------------------------------------------------
 (2) _disableInterrupts                                    0     0      0       0
 ---------------------------------------------------------------------------------
 (1) _setup                                                4     4      0     135
                                             38 COMRAM     4     4      0
 ---------------------------------------------------------------------------------
 Estimated maximum stack depth 2
 ---------------------------------------------------------------------------------
 (Depth) Function   	        Calls       Base Space   Used Autos Params    Refs
 ---------------------------------------------------------------------------------
 (3) _low_interrupt                                       17    17      0     195
                                              7 COMRAM    17    17      0
                            ___awmod
 ---------------------------------------------------------------------------------
 (4) ___awmod                                              7     3      4     195
                                              0 COMRAM     7     3      4
 ---------------------------------------------------------------------------------
 Estimated maximum stack depth 4
 ---------------------------------------------------------------------------------
 (Depth) Function   	        Calls       Base Space   Used Autos Params    Refs
 ---------------------------------------------------------------------------------
 (5) _high_interrupt                                      14    14      0       0
                                             24 COMRAM    14    14      0
 ---------------------------------------------------------------------------------
 Estimated maximum stack depth 5
 ---------------------------------------------------------------------------------

 Call Graph Graphs:

 _main (ROOT)
   _setup
   _send_board
     _disableInterrupts
     _enableInterrupts

 _low_interrupt (ROOT)
   ___awmod

 _high_interrupt (ROOT)

 Address spaces:
Name               Size   Autos  Total    Cost      Usage
BIGRAM             7FF      0       0      21        0.0%
EEDATA             100      0       0       0        0.0%
BITBANK7           100      0       0      18        0.0%
BANK7              100      0       0      19        0.0%
BITBANK6           100      0       0      16        0.0%
BANK6              100      0       0      17        0.0%
BITBANK5           100      0       0      14        0.0%
BANK5              100      0       0      15        0.0%
BITBANK4           100      0       0      12        0.0%
BANK4              100      0       0      13        0.0%
BITBANK3           100      0       0      10        0.0%
BANK3              100      0       0      11        0.0%
BITBANK2           100      0       0       8        0.0%
BANK2              100      0       0       9        0.0%
BITBANK1           100      0       0       6        0.0%
BANK1              100      0       0       7        0.0%
BITBANK0            A0      0       0       4        0.0%
BANK0               A0      0      78       5       75.0%
BITCOMRAM           5F      0       0       0        0.0%
COMRAM              5F     2C      5F       1      100.0%
BITSFR               0      0       0      40        0.0%
SFR                  0      0       0      40        0.0%
STACK                0      0       C       2        0.0%
NULL                 0      0       0       0        0.0%
ABS                  0      0      D7      20        0.0%
DATA                 0      0      E3       3        0.0%
CODE                 0      0       0       0        0.0%


Microchip Technology PIC18 Macro Assembler V1.21 build 54009 
Symbol Table                                                                                   Mon Jul 14 23:34:28 2014

                        l52 0286                          bsr 000FE0             ?_high_interrupt 0034  
                       l733 0176                         l745 01A0                         l757 01CA  
                       l765 02FC                         l791 02CC                         l789 02C6  
              __CFG_BOR$OFF 000000                ___awmod@sign 003A                         prod 000FF3  
                       wreg 000FE8                __CFG_IESO$ON 000000                __CFG_LVP$OFF 000000  
              __CFG_WDT$OFF 000000                        i1l32 0094                        i1l33 00A0  
                      i1l34 00A0                        i2l27 0126                        i2l28 0132  
                      i2l29 0132                        _TMR2 000FCC                __CFG_PWRT$ON 000000  
             __CFG_FCMEN$ON 000000                        _main 02F8                        fsr0h 000FEA  
                      fsr1h 000FE2                        fsr0l 000FE9                        fsr2h 000FDA  
                      fsr1l 000FE1                        indf2 000FDF                        fsr2l 000FD9  
                      pclat 000FFA                        prodh 000FF4                        prodl 000FF3  
                      start 00E6               __CFG_MCLRE$ON 000000  __size_of_disableInterrupts 0006  
                     ?_main 0034             __end_of___awmod 0264                       _T1CON 000FCD  
                     _T2CON 000FCA                       i1l861 0204                       i1l871 022A  
                     i2l721 011C                       i1l873 022E                       i1l881 024C  
                     i1l865 0210                       i2l723 0124                       i1l891 0064  
                     i2l725 012E                       i1l885 025A                       i1l877 0242  
                     i1l869 0222                       i1l893 0066                       i1l895 007A  
                     i1l897 0094                       i1l889 005C                       i1l899 009C  
                     _TMR1H 000FCF                       _TMR1L 000FCE                       _PORTB 000F81  
                     _PORTD 000F83               __CFG_USBDIV$2 000000                       _TRISB 000F93  
                     _TRISD 000F95                       _setup 016C                       tablat 000FF5  
          _enableInterrupts 0302                       status 000FD8             __initialization 02DA  
              __end_of_main 0302                      ??_main 0060               __activetblptr 000000  
            __CFG_PLLDIV$12 000000                      ?_setup 0034                      _OSCCON 000FD3  
                    i2u1_40 0124                      i2u1_41 0122                      i2u2_40 012E  
                    i2u2_41 012C       __end_of_low_interrupt 00E6              __CFG_STVREN$ON 000000  
                 ??___awmod 0038                      clear_0 02E0                      clear_1 02EC  
           ___awmod@divisor 0036             ___awmod@counter 0039                      tblptrh 000FF7  
                    tblptrl 000FF6                      tblptru 000FF8                  __accesstop 0060  
   __end_of__initialization 02F2             __CFG_PBADEN$OFF 000000            ??_high_interrupt 004C  
            __pcstackCOMRAM 0034               __end_of_setup 01E8                     ??_setup 005A  
                __pbssBANK0 0060    __end_of_enableInterrupts 0308                     i1u18_20 0064  
                   i1u18_21 0062                     i1u19_20 009C                     i1u19_21 009A  
                   _OSCTUNE 000F9B                _block_coding 0060                 send_board@x 005B  
               send_board@y 005C                     __Hparam 0000                     __Lparam 0000  
                   ___awmod 01E8                     _b_value 0029                     __pcinit 02DA  
                   __ramtop 0800                     __ptext0 02F8                     __ptext1 0264  
                   __ptext2 0302                     __ptext3 0308                     __ptext4 016C  
                   __ptext6 01E8                   _T1CONbits 000FCD                   _T2CONbits 000FCA  
          ___awmod@dividend 0034              __pintcode_body 00EA        end_of_initialization 02F2  
                _send_board 0264                     int_func 00EA                     postdec2 000FDD  
                   postinc0 000FEE                     postinc2 000FDE         start_initialization 02DA  
    __size_of_low_interrupt 00CE                 ?_send_board 0034           ?_enableInterrupts 0034  
            _current_height 0001          ??_enableInterrupts 005A                 __pbssCOMRAM 0001  
                 _b_buf_ptr 0033               _low_interrupt 0018                   __pintcode 0008  
                  ?___awmod 0034                 __pintcodelo 0018         send_board@wait_time 005D  
       __size_of_send_board 0076     __size_of_high_interrupt 0164              __size_of_setup 007C  
                  _IPR1bits 000F9F                    _PIE1bits 000F9D              ?_low_interrupt 0034  
                  _PIR1bits 000F9E                    _RCONbits 000FD0                  setup@index 005B  
               _INTCON2bits 000FF1                    __Hrparam 0000                    __Lrparam 0000  
          __size_of___awmod 007C        __CFG_FOSC$ECPLLIO_EC 000000                ??_send_board 005A  
             __size_of_main 000A             ??_low_interrupt 003B       __CFG_CPUDIV$OSC1_PLL2 000000  
            _high_interrupt 0008          __end_of_send_board 02DA           _disableInterrupts 0308  
                _INTCONbits 000FF2          ?_disableInterrupts 0034                    intlevel1 0000  
                  intlevel2 0000   __size_of_enableInterrupts 0006         ??_disableInterrupts 005A  
    __end_of_high_interrupt 016C   __end_of_disableInterrupts 030E              setup@index_191 005C  
            setup@index_192 005D             send_board@index 005F  
